<?xml version="1.0" encoding="UTF-8"?>
<testsuite xmlns:xsi="http://www.w3.org/2001/XMLSchema-instance" xsi:noNamespaceSchemaLocation="https://maven.apache.org/surefire/maven-surefire-plugin/xsd/surefire-test-report-3.0.xsd" version="3.0" name="com.medilabo.gateway.MedilaboGatewayApplicationTests" time="2.142" tests="1" errors="0" skipped="0" failures="0">
  <properties>
[...]
</properties>
  <testcase name="contextLoads" classname="com.medilabo.gateway.MedilaboGatewayApplicationTests" time="0.477">
    <system-out><![CDATA[10:20:49.488 [main] INFO org.springframework.test.context.support.AnnotationConfigContextLoaderUtils -- Could not detect default configuration classes for test class [com.medilabo.gateway.MedilaboGatewayApplicationTests]: MedilaboGatewayApplicationTests does not declare any static, non-private, non-final, nested classes annotated with @Configuration.
10:20:49.535 [main] INFO org.springframework.boot.test.context.SpringBootTestContextBootstrapper -- Found @SpringBootConfiguration com.medilabo.gateway.MedilaboGatewayApplication for test class com.medilabo.gateway.MedilaboGatewayApplicationTests

  .   ____          _            __ _ _
 /\\ / ___'_ __ _ _(_)_ __  __ _ \ \ \ \
( ( )\___ | '_ | '_| | '_ \/ _` | \ \ \ \
 \\/  ___)| |_)| | | | | || (_| |  ) ) ) )
  '  |____| .__|_| |_|_| |_\__, | / / / /
 =========|_|==============|___/=/_/_/_/
 :: Spring Boot ::                (v3.1.2)

2023-08-23T10:20:49.772+02:00  INFO 95066 --- [           main] c.m.g.MedilaboGatewayApplicationTests    : Starting MedilaboGatewayApplicationTests using Java 17.0.7 with PID 95066 (started by louisdiilio in /Users/louisdiilio/IdeaProjects/@ Openclassrooms/JAVA.oc-9/medilabo-gateway)
2023-08-23T10:20:49.773+02:00  INFO 95066 --- [           main] c.m.g.MedilaboGatewayApplicationTests    : No active profile set, falling back to 1 default profile: "default"
2023-08-23T10:20:50.207+02:00  INFO 95066 --- [           main] o.s.cloud.context.scope.GenericScope     : BeanFactory id=733a6fe4-acb7-34a6-81b1-2e6166f810ca
2023-08-23T10:20:50.248+02:00  INFO 95066 --- [           main] trationDelegate$BeanPostProcessorChecker : Bean 'org.springframework.cloud.client.loadbalancer.reactive.LoadBalancerBeanPostProcessorAutoConfiguration' of type [org.springframework.cloud.client.loadbalancer.reactive.LoadBalancerBeanPostProcessorAutoConfiguration] is not eligible for getting processed by all BeanPostProcessors (for example: not eligible for auto-proxying)
2023-08-23T10:20:50.248+02:00  INFO 95066 --- [           main] trationDelegate$BeanPostProcessorChecker : Bean 'org.springframework.cloud.client.loadbalancer.reactive.LoadBalancerBeanPostProcessorAutoConfiguration$ReactorDeferringLoadBalancerFilterConfig' of type [org.springframework.cloud.client.loadbalancer.reactive.LoadBalancerBeanPostProcessorAutoConfiguration$ReactorDeferringLoadBalancerFilterConfig] is not eligible for getting processed by all BeanPostProcessors (for example: not eligible for auto-proxying)
2023-08-23T10:20:50.249+02:00  INFO 95066 --- [           main] trationDelegate$BeanPostProcessorChecker : Bean 'reactorDeferringLoadBalancerExchangeFilterFunction' of type [org.springframework.cloud.client.loadbalancer.reactive.DeferringLoadBalancerExchangeFilterFunction] is not eligible for getting processed by all BeanPostProcessors (for example: not eligible for auto-proxying)
2023-08-23T10:20:50.615+02:00  INFO 95066 --- [           main] o.s.c.g.r.RouteDefinitionRouteLocator    : Loaded RoutePredicateFactory [After]
2023-08-23T10:20:50.615+02:00  INFO 95066 --- [           main] o.s.c.g.r.RouteDefinitionRouteLocator    : Loaded RoutePredicateFactory [Before]
2023-08-23T10:20:50.615+02:00  INFO 95066 --- [           main] o.s.c.g.r.RouteDefinitionRouteLocator    : Loaded RoutePredicateFactory [Between]
2023-08-23T10:20:50.615+02:00  INFO 95066 --- [           main] o.s.c.g.r.RouteDefinitionRouteLocator    : Loaded RoutePredicateFactory [Cookie]
2023-08-23T10:20:50.615+02:00  INFO 95066 --- [           main] o.s.c.g.r.RouteDefinitionRouteLocator    : Loaded RoutePredicateFactory [Header]
2023-08-23T10:20:50.615+02:00  INFO 95066 --- [           main] o.s.c.g.r.RouteDefinitionRouteLocator    : Loaded RoutePredicateFactory [Host]
2023-08-23T10:20:50.615+02:00  INFO 95066 --- [           main] o.s.c.g.r.RouteDefinitionRouteLocator    : Loaded RoutePredicateFactory [Method]
2023-08-23T10:20:50.615+02:00  INFO 95066 --- [           main] o.s.c.g.r.RouteDefinitionRouteLocator    : Loaded RoutePredicateFactory [Path]
2023-08-23T10:20:50.615+02:00  INFO 95066 --- [           main] o.s.c.g.r.RouteDefinitionRouteLocator    : Loaded RoutePredicateFactory [Query]
2023-08-23T10:20:50.615+02:00  INFO 95066 --- [           main] o.s.c.g.r.RouteDefinitionRouteLocator    : Loaded RoutePredicateFactory [ReadBody]
2023-08-23T10:20:50.615+02:00  INFO 95066 --- [           main] o.s.c.g.r.RouteDefinitionRouteLocator    : Loaded RoutePredicateFactory [RemoteAddr]
2023-08-23T10:20:50.615+02:00  INFO 95066 --- [           main] o.s.c.g.r.RouteDefinitionRouteLocator    : Loaded RoutePredicateFactory [XForwardedRemoteAddr]
2023-08-23T10:20:50.615+02:00  INFO 95066 --- [           main] o.s.c.g.r.RouteDefinitionRouteLocator    : Loaded RoutePredicateFactory [Weight]
2023-08-23T10:20:50.615+02:00  INFO 95066 --- [           main] o.s.c.g.r.RouteDefinitionRouteLocator    : Loaded RoutePredicateFactory [CloudFoundryRouteService]
2023-08-23T10:20:50.707+02:00  INFO 95066 --- [           main] DiscoveryClientOptionalArgsConfiguration : Eureka HTTP Client uses RestTemplate.
2023-08-23T10:20:50.734+02:00  WARN 95066 --- [           main] iguration$LoadBalancerCaffeineWarnLogger : Spring Cloud LoadBalancer is currently working with the default cache. While this cache implementation is useful for development and tests, it's recommended to use Caffeine cache in production.You can switch to using Caffeine cache, by adding it and org.springframework.cache.caffeine.CaffeineCacheManager to the classpath.
2023-08-23T10:20:50.745+02:00  INFO 95066 --- [           main] o.s.c.n.eureka.InstanceInfoFactory       : Setting initial instance status as: STARTING
2023-08-23T10:20:50.788+02:00  INFO 95066 --- [           main] com.netflix.discovery.DiscoveryClient    : Initializing Eureka in region us-east-1
2023-08-23T10:20:50.790+02:00  INFO 95066 --- [           main] c.n.d.s.r.aws.ConfigClusterResolver      : Resolving eureka endpoints via configuration
2023-08-23T10:20:50.801+02:00  INFO 95066 --- [           main] com.netflix.discovery.DiscoveryClient    : Disable delta property : false
2023-08-23T10:20:50.801+02:00  INFO 95066 --- [           main] com.netflix.discovery.DiscoveryClient    : Single vip registry refresh property : null
2023-08-23T10:20:50.801+02:00  INFO 95066 --- [           main] com.netflix.discovery.DiscoveryClient    : Force full registry fetch : false
2023-08-23T10:20:50.801+02:00  INFO 95066 --- [           main] com.netflix.discovery.DiscoveryClient    : Application is null : false
2023-08-23T10:20:50.801+02:00  INFO 95066 --- [           main] com.netflix.discovery.DiscoveryClient    : Registered Applications size is zero : true
2023-08-23T10:20:50.801+02:00  INFO 95066 --- [           main] com.netflix.discovery.DiscoveryClient    : Application version is -1: true
2023-08-23T10:20:50.801+02:00  INFO 95066 --- [           main] com.netflix.discovery.DiscoveryClient    : Getting all instance registry info from the eureka server
2023-08-23T10:20:51.028+02:00  INFO 95066 --- [           main] com.netflix.discovery.DiscoveryClient    : The response status is 200
2023-08-23T10:20:51.030+02:00  INFO 95066 --- [           main] com.netflix.discovery.DiscoveryClient    : Starting heartbeat executor: renew interval is: 30
2023-08-23T10:20:51.031+02:00  INFO 95066 --- [           main] c.n.discovery.InstanceInfoReplicator     : InstanceInfoReplicator onDemand update allowed rate per min is 4
2023-08-23T10:20:51.033+02:00  INFO 95066 --- [           main] com.netflix.discovery.DiscoveryClient    : Discovery Client initialized at timestamp 1692778851032 with initial instances count: 5
2023-08-23T10:20:51.034+02:00  INFO 95066 --- [           main] o.s.c.n.e.s.EurekaServiceRegistry        : Registering application MEDILABO-GATEWAY with eureka with status UP
2023-08-23T10:20:51.034+02:00  INFO 95066 --- [           main] com.netflix.discovery.DiscoveryClient    : Saw local status change event StatusChangeEvent [timestamp=1692778851034, current=UP, previous=STARTING]
2023-08-23T10:20:51.035+02:00  INFO 95066 --- [nfoReplicator-0] com.netflix.discovery.DiscoveryClient    : DiscoveryClient_MEDILABO-GATEWAY/192.168.0.23:medilabo-gateway:9005: registering service...
2023-08-23T10:20:51.058+02:00  INFO 95066 --- [           main] c.m.g.MedilaboGatewayApplicationTests    : Started MedilaboGatewayApplicationTests in 1.449 seconds (process running for 1.978)
2023-08-23T10:20:51.071+02:00  INFO 95066 --- [nfoReplicator-0] com.netflix.discovery.DiscoveryClient    : DiscoveryClient_MEDILABO-GATEWAY/192.168.0.23:medilabo-gateway:9005 - registration status: 204
]]></system-out>
  </testcase>
</testsuite>