<?xml version="1.0" encoding="UTF-8"?>
<testsuite xmlns:xsi="http://www.w3.org/2001/XMLSchema-instance" xsi:noNamespaceSchemaLocation="https://maven.apache.org/surefire/maven-surefire-plugin/xsd/surefire-test-report-3.0.xsd" version="3.0" name="com.medilabo.discovery.MedilaboDiscoveryApplicationTests" time="2.42" tests="1" errors="0" skipped="0" failures="0">
  <properties>
[...]
</properties>
  <testcase name="contextLoads" classname="com.medilabo.discovery.MedilaboDiscoveryApplicationTests" time="0.489">
    <system-out><![CDATA[10:18:10.771 [main] INFO org.springframework.test.context.support.AnnotationConfigContextLoaderUtils -- Could not detect default configuration classes for test class [com.medilabo.discovery.MedilaboDiscoveryApplicationTests]: MedilaboDiscoveryApplicationTests does not declare any static, non-private, non-final, nested classes annotated with @Configuration.
10:18:10.815 [main] INFO org.springframework.boot.test.context.SpringBootTestContextBootstrapper -- Found @SpringBootConfiguration com.medilabo.discovery.MedilaboDiscoveryApplication for test class com.medilabo.discovery.MedilaboDiscoveryApplicationTests

  .   ____          _            __ _ _
 /\\ / ___'_ __ _ _(_)_ __  __ _ \ \ \ \
( ( )\___ | '_ | '_| | '_ \/ _` | \ \ \ \
 \\/  ___)| |_)| | | | | || (_| |  ) ) ) )
  '  |____| .__|_| |_|_| |_\__, | / / / /
 =========|_|==============|___/=/_/_/_/
 :: Spring Boot ::                (v3.1.2)

2023-08-23T10:18:11.032+02:00  INFO 94853 --- [           main] c.m.d.MedilaboDiscoveryApplicationTests  : Starting MedilaboDiscoveryApplicationTests using Java 17.0.7 with PID 94853 (started by louisdiilio in /Users/louisdiilio/IdeaProjects/@ Openclassrooms/JAVA.oc-9/medilabo-discovery)
2023-08-23T10:18:11.033+02:00  INFO 94853 --- [           main] c.m.d.MedilaboDiscoveryApplicationTests  : No active profile set, falling back to 1 default profile: "default"
2023-08-23T10:18:11.506+02:00  INFO 94853 --- [           main] o.s.cloud.context.scope.GenericScope     : BeanFactory id=39a56a30-9691-3403-b143-87ca59bd66fe
2023-08-23T10:18:12.030+02:00  WARN 94853 --- [           main] iguration$LoadBalancerCaffeineWarnLogger : Spring Cloud LoadBalancer is currently working with the default cache. While this cache implementation is useful for development and tests, it's recommended to use Caffeine cache in production.You can switch to using Caffeine cache, by adding it and org.springframework.cache.caffeine.CaffeineCacheManager to the classpath.
2023-08-23T10:18:12.130+02:00  INFO 94853 --- [           main] o.s.c.n.eureka.InstanceInfoFactory       : Setting initial instance status as: STARTING
2023-08-23T10:18:12.147+02:00  INFO 94853 --- [           main] com.netflix.discovery.DiscoveryClient    : Initializing Eureka in region us-east-1
2023-08-23T10:18:12.147+02:00  INFO 94853 --- [           main] com.netflix.discovery.DiscoveryClient    : Client configured to neither register nor query for data.
2023-08-23T10:18:12.152+02:00  INFO 94853 --- [           main] com.netflix.discovery.DiscoveryClient    : Discovery Client initialized at timestamp 1692778692151 with initial instances count: 0
2023-08-23T10:18:12.169+02:00  INFO 94853 --- [           main] c.n.eureka.DefaultEurekaServerContext    : Initializing ...
2023-08-23T10:18:12.170+02:00  INFO 94853 --- [           main] c.n.eureka.cluster.PeerEurekaNodes       : Adding new peer nodes [http://localhost:8761/eureka/]
2023-08-23T10:18:12.278+02:00  INFO 94853 --- [           main] c.n.d.provider.DiscoveryJerseyProvider   : Using JSON encoding codec LegacyJacksonJson
2023-08-23T10:18:12.278+02:00  INFO 94853 --- [           main] c.n.d.provider.DiscoveryJerseyProvider   : Using JSON decoding codec LegacyJacksonJson
2023-08-23T10:18:12.278+02:00  INFO 94853 --- [           main] c.n.d.provider.DiscoveryJerseyProvider   : Using XML encoding codec XStreamXml
2023-08-23T10:18:12.278+02:00  INFO 94853 --- [           main] c.n.d.provider.DiscoveryJerseyProvider   : Using XML decoding codec XStreamXml
2023-08-23T10:18:12.520+02:00  INFO 94853 --- [           main] c.n.eureka.cluster.PeerEurekaNodes       : Replica node URL:  http://localhost:8761/eureka/
2023-08-23T10:18:12.524+02:00  INFO 94853 --- [           main] c.n.e.registry.AbstractInstanceRegistry  : Finished initializing remote region registries. All known remote regions: []
2023-08-23T10:18:12.525+02:00  INFO 94853 --- [           main] c.n.eureka.DefaultEurekaServerContext    : Initialized
2023-08-23T10:18:12.576+02:00  INFO 94853 --- [           main] o.s.b.a.e.web.EndpointLinksResolver      : Exposing 1 endpoint(s) beneath base path '/actuator'
2023-08-23T10:18:12.597+02:00  INFO 94853 --- [           main] o.s.c.n.e.s.EurekaServiceRegistry        : Registering application MICROSERVICE-PATIENT with eureka with status UP
2023-08-23T10:18:12.603+02:00  INFO 94853 --- [      Thread-10] o.s.c.n.e.server.EurekaServerBootstrap   : isAws returned false
2023-08-23T10:18:12.604+02:00  INFO 94853 --- [      Thread-10] o.s.c.n.e.server.EurekaServerBootstrap   : Initialized server context
2023-08-23T10:18:12.604+02:00  INFO 94853 --- [      Thread-10] c.n.e.r.PeerAwareInstanceRegistryImpl    : Got 1 instances from neighboring DS node
2023-08-23T10:18:12.604+02:00  INFO 94853 --- [      Thread-10] c.n.e.r.PeerAwareInstanceRegistryImpl    : Renew threshold is: 1
2023-08-23T10:18:12.604+02:00  INFO 94853 --- [      Thread-10] c.n.e.r.PeerAwareInstanceRegistryImpl    : Changing status to UP
2023-08-23T10:18:12.608+02:00  INFO 94853 --- [      Thread-10] e.s.EurekaServerInitializerConfiguration : Started Eureka Server
2023-08-23T10:18:12.608+02:00  INFO 94853 --- [           main] c.m.d.MedilaboDiscoveryApplicationTests  : Started MedilaboDiscoveryApplicationTests in 1.725 seconds (process running for 2.226)
]]></system-out>
  </testcase>
</testsuite>